XX XX XX XX XX XX XX XX XX XX XX XX XX XX XX XX 
XX XX XX XX YR YN YB YK YQ YB YN YR XX XX XX XX 
XX XX XX XX YP YP YP YP YP YP YP YP XX XX XX XX 
XX XX XX XX ## ## ## ## ## ## ## ## XX XX XX XX 
XX BR BP ## ## ## ## ## ## ## ## ## ## GP GR XX 
XX BN BP ## ## ## ## ## ## ## ## ## ## GP GN XX 
XX BB BP ## ## ## ## ## ## ## ## ## ## GP GB XX 
XX BQ BP ## ## ## ## ## ## ## ## ## ## GP GK XX 
XX BK BP ## ## ## ## ## ## ## ## ## ## GP GQ XX 
XX BB BP ## ## ## ## ## ## ## ## ## ## GP GB XX 
XX BN BP ## ## ## ## ## ## ## ## ## ## GP GN XX 
XX BR BP ## RP ## ## ## ## ## ## ## ## GP GR XX 
XX XX XX XX ## ## ## ## ## ## ## ## XX XX XX XX 
XX XX XX XX ## RP RP RP RP RP RP RP XX XX XX XX 
XX XX XX XX RR RN RB RQ RK RB RN RR XX XX XX XX 
XX XX XX XX XX XX XX XX XX XX XX XX XX XX XX XX 
pseudo-legal moves: 20
legal moves: 20
XX XX XX XX XX XX XX XX XX XX XX XX XX XX XX XX 
XX XX XX XX YR YN YB YK YQ YB YN YR XX XX XX XX 
XX XX XX XX YP YP YP YP YP YP YP YP XX XX XX XX 
XX XX XX XX ## ## ## ## ## ## ## ## XX XX XX XX 
XX BR BP ## ## ## ## ## ## ## ## ## ## GP GR XX 
XX BN BP ## ## ## ## ## ## ## ## ## ## GP GN XX 
XX BB BP ## ## ## ## ## ## ## ## ## ## GP GB XX 
XX BQ ## BP ## ## ## ## ## ## ## ## ## GP GK XX 
XX BK BP ## ## ## ## ## ## ## ## ## ## GP GQ XX 
XX BB BP ## ## ## ## ## ## ## ## ## ## GP GB XX 
XX BN BP ## ## ## ## ## ## ## ## ## ## GP GN XX 
XX BR BP ## RP ## ## ## ## ## ## ## ## GP GR XX 
XX XX XX XX ## ## ## ## ## ## ## ## XX XX XX XX 
XX XX XX XX ## RP RP RP RP RP RP RP XX XX XX XX 
XX XX XX XX RR RN RB RQ RK RB RN RR XX XX XX XX 
XX XX XX XX XX XX XX XX XX XX XX XX XX XX XX XX 
pseudo-legal moves: 19
legal moves: 19
XX XX XX XX XX XX XX XX XX XX XX XX XX XX XX XX 
XX XX XX XX YR YN YB YK YQ YB YN YR XX XX XX XX 
XX XX XX XX ## YP YP YP YP YP YP YP XX XX XX XX 
XX XX XX XX YP ## ## ## ## ## ## ## XX XX XX XX 
XX BR BP ## ## ## ## ## ## ## ## ## ## GP GR XX 
XX BN BP ## ## ## ## ## ## ## ## ## ## GP GN XX 
XX BB BP ## ## ## ## ## ## ## ## ## ## GP GB XX 
XX BQ ## BP ## ## ## ## ## ## ## ## ## GP GK XX 
XX BK BP ## ## ## ## ## ## ## ## ## ## GP GQ XX 
XX BB BP ## ## ## ## ## ## ## ## ## ## GP GB XX 
XX BN BP ## ## ## ## ## ## ## ## ## ## GP GN XX 
XX BR BP ## RP ## ## ## ## ## ## ## ## GP GR XX 
XX XX XX XX ## ## ## ## ## ## ## ## XX XX XX XX 
XX XX XX XX ## RP RP RP RP RP RP RP XX XX XX XX 
XX XX XX XX RR RN RB RQ RK RB RN RR XX XX XX XX 
XX XX XX XX XX XX XX XX XX XX XX XX XX XX XX XX 
pseudo-legal moves: 20
legal moves: 20
XX XX XX XX XX XX XX XX XX XX XX XX XX XX XX XX 
XX XX XX XX YR YN YB YK YQ YB YN YR XX XX XX XX 
XX XX XX XX ## YP YP YP YP YP YP YP XX XX XX XX 
XX XX XX XX YP ## ## ## ## ## ## ## XX XX XX XX 
XX BR BP ## ## ## ## ## ## ## ## ## ## GP GR XX 
XX BN BP ## ## ## ## ## ## ## ## ## ## GP GN XX 
XX BB BP ## ## ## ## ## ## ## ## ## ## GP GB XX 
XX BQ ## BP ## ## ## ## ## ## ## GP ## ## GK XX 
XX BK BP ## ## ## ## ## ## ## ## ## ## GP GQ XX 
XX BB BP ## ## ## ## ## ## ## ## ## ## GP GB XX 
XX BN BP ## ## ## ## ## ## ## ## ## ## GP GN XX 
XX BR BP ## RP ## ## ## ## ## ## ## ## GP GR XX 
XX XX XX XX ## ## ## ## ## ## ## ## XX XX XX XX 
XX XX XX XX ## RP RP RP RP RP RP RP XX XX XX XX 
XX XX XX XX RR RN RB RQ RK RB RN RR XX XX XX XX 
XX XX XX XX XX XX XX XX XX XX XX XX XX XX XX XX 
pseudo-legal moves: 20
legal moves: 20
XX XX XX XX XX XX XX XX XX XX XX XX XX XX XX XX 
XX XX XX XX YR YN YB YK YQ YB YN YR XX XX XX XX 
XX XX XX XX ## YP YP YP YP YP YP YP XX XX XX XX 
XX XX XX XX YP ## ## ## ## ## ## ## XX XX XX XX 
XX BR BP ## ## ## ## ## ## ## ## ## ## GP GR XX 
XX BN BP ## ## ## ## ## ## ## ## ## ## GP GN XX 
XX BB BP ## ## ## ## ## ## ## ## ## ## GP GB XX 
XX BQ ## BP ## ## ## ## ## ## ## GP ## ## GK XX 
XX BK BP ## ## ## ## ## ## ## ## ## ## GP GQ XX 
XX BB BP ## ## ## ## ## ## ## ## ## ## GP GB XX 
XX BN BP ## RP ## ## ## ## ## ## ## ## GP GN XX 
XX BR BP ## ## ## ## ## ## ## ## ## ## GP GR XX 
XX XX XX XX ## ## ## ## ## ## ## ## XX XX XX XX 
XX XX XX XX ## RP RP RP RP RP RP RP XX XX XX XX 
XX XX XX XX RR RN RB RQ RK RB RN RR XX XX XX XX 
XX XX XX XX XX XX XX XX XX XX XX XX XX XX XX XX 
pseudo-legal moves: 21
legal moves: 21
XX XX XX XX XX XX XX XX XX XX XX XX XX XX XX XX 
XX XX XX XX YR YN YB YK YQ YB YN YR XX XX XX XX 
XX XX XX XX ## YP YP YP YP YP YP YP XX XX XX XX 
XX XX XX XX YP ## ## ## ## ## ## ## XX XX XX XX 
XX BR BP ## ## ## ## ## ## ## ## ## ## GP GR XX 
XX BN BP ## ## ## ## ## ## ## ## ## ## GP GN XX 
XX BB BP ## ## ## ## ## ## ## ## ## ## GP GB XX 
XX BQ ## ## BP ## ## ## ## ## ## GP ## ## GK XX 
XX BK BP ## ## ## ## ## ## ## ## ## ## GP GQ XX 
XX BB BP ## ## ## ## ## ## ## ## ## ## GP GB XX 
XX BN BP ## RP ## ## ## ## ## ## ## ## GP GN XX 
XX BR BP ## ## ## ## ## ## ## ## ## ## GP GR XX 
XX XX XX XX ## ## ## ## ## ## ## ## XX XX XX XX 
XX XX XX XX ## RP RP RP RP RP RP RP XX XX XX XX 
XX XX XX XX RR RN RB RQ RK RB RN RR XX XX XX XX 
XX XX XX XX XX XX XX XX XX XX XX XX XX XX XX XX 
pseudo-legal moves: 28
legal moves: 28
XX XX XX XX XX XX XX XX XX XX XX XX XX XX XX XX 
XX XX XX XX YR YN YB YK YQ YB YN YR XX XX XX XX 
XX XX XX XX ## YP YP YP YP YP YP YP XX XX XX XX 
XX XX XX XX ## ## ## ## ## ## ## ## XX XX XX XX 
XX BR BP ## YP ## ## ## ## ## ## ## ## GP GR XX 
XX BN BP ## ## ## ## ## ## ## ## ## ## GP GN XX 
XX BB BP ## ## ## ## ## ## ## ## ## ## GP GB XX 
XX BQ ## ## BP ## ## ## ## ## ## GP ## ## GK XX 
XX BK BP ## ## ## ## ## ## ## ## ## ## GP GQ XX 
XX BB BP ## ## ## ## ## ## ## ## ## ## GP GB XX 
XX BN BP ## RP ## ## ## ## ## ## ## ## GP GN XX 
XX BR BP ## ## ## ## ## ## ## ## ## ## GP GR XX 
XX XX XX XX ## ## ## ## ## ## ## ## XX XX XX XX 
XX XX XX XX ## RP RP RP RP RP RP RP XX XX XX XX 
XX XX XX XX RR RN RB RQ RK RB RN RR XX XX XX XX 
XX XX XX XX XX XX XX XX XX XX XX XX XX XX XX XX 
pseudo-legal moves: 19
legal moves: 17
XX XX XX XX XX XX XX XX XX XX XX XX XX XX XX XX 
XX XX XX XX YR YN YB YK YQ YB YN YR XX XX XX XX 
XX XX XX XX ## YP YP YP YP YP YP YP XX XX XX XX 
XX XX XX XX ## ## ## ## ## ## ## ## XX XX XX XX 
XX BR BP ## YP ## ## ## ## ## ## ## ## GP GR XX 
XX BN BP ## ## ## ## ## ## ## ## ## ## GP GN XX 
XX BB BP ## ## ## ## ## ## ## ## ## ## GP GB XX 
XX BQ ## ## BP ## ## ## ## ## GP ## ## ## GK XX 
XX BK BP ## ## ## ## ## ## ## ## ## ## GP GQ XX 
XX BB BP ## ## ## ## ## ## ## ## ## ## GP GB XX 
XX BN BP ## RP ## ## ## ## ## ## ## ## GP GN XX 
XX BR BP ## ## ## ## ## ## ## ## ## ## GP GR XX 
XX XX XX XX ## ## ## ## ## ## ## ## XX XX XX XX 
XX XX XX XX ## RP RP RP RP RP RP RP XX XX XX XX 
XX XX XX XX RR RN RB RQ RK RB RN RR XX XX XX XX 
XX XX XX XX XX XX XX XX XX XX XX XX XX XX XX XX 
pseudo-legal moves: 34
legal moves: 34
XX XX XX XX XX XX XX XX XX XX XX XX XX XX XX XX 
XX XX XX XX YR YN YB YK YQ YB YN YR XX XX XX XX 
XX XX XX XX ## YP YP YP YP YP YP YP XX XX XX XX 
XX XX XX XX ## ## ## ## ## ## ## ## XX XX XX XX 
XX BR BP ## YP ## ## ## ## ## ## ## ## GP GR XX 
XX BN BP ## ## ## ## ## ## ## ## ## ## GP GN XX 
XX BB BP ## ## ## ## ## ## ## ## ## ## GP GB XX 
XX BQ ## ## BP ## ## ## ## ## GP ## ## ## GK XX 
XX BK BP ## ## ## ## ## ## ## ## ## ## GP GQ XX 
XX BB BP ## RP ## ## ## ## ## ## ## ## GP GB XX 
XX BN BP ## ## ## ## ## ## ## ## ## ## GP GN XX 
XX BR BP ## ## ## ## ## ## ## ## ## ## GP GR XX 
XX XX XX XX ## ## ## ## ## ## ## ## XX XX XX XX 
XX XX XX XX ## RP RP RP RP RP RP RP XX XX XX XX 
XX XX XX XX RR RN RB RQ RK RB RN RR XX XX XX XX 
XX XX XX XX XX XX XX XX XX XX XX XX XX XX XX XX 
pseudo-legal moves: 22
legal moves: 22
XX XX XX XX XX XX XX XX XX XX XX XX XX XX XX XX 
XX XX XX XX YR YN YB YK YQ YB YN YR XX XX XX XX 
XX XX XX XX ## YP YP YP YP YP YP YP XX XX XX XX 
XX XX XX XX ## ## ## ## ## ## ## ## XX XX XX XX 
XX BR BP ## YP ## ## ## ## ## ## ## ## GP GR XX 
XX BN BP ## ## ## ## ## ## ## ## ## ## GP GN XX 
XX BB ## BP ## ## ## ## ## ## ## ## ## GP GB XX 
XX BQ ## ## BP ## ## ## ## ## GP ## ## ## GK XX 
XX BK BP ## ## ## ## ## ## ## ## ## ## GP GQ XX 
XX BB BP ## RP ## ## ## ## ## ## ## ## GP GB XX 
XX BN BP ## ## ## ## ## ## ## ## ## ## GP GN XX 
XX BR BP ## ## ## ## ## ## ## ## ## ## GP GR XX 
XX XX XX XX ## ## ## ## ## ## ## ## XX XX XX XX 
XX XX XX XX ## RP RP RP RP RP RP RP XX XX XX XX 
XX XX XX XX RR RN RB RQ RK RB RN RR XX XX XX XX 
XX XX XX XX XX XX XX XX XX XX XX XX XX XX XX XX 
pseudo-legal moves: 24
legal moves: 24
XX XX XX XX XX XX XX XX XX XX XX XX XX XX XX XX 
XX XX XX XX YR YN YB YK YQ YB YN YR XX XX XX XX 
XX XX XX XX ## ## YP YP YP YP YP YP XX XX XX XX 
XX XX XX XX ## YP ## ## ## ## ## ## XX XX XX XX 
XX BR BP ## YP ## ## ## ## ## ## ## ## GP GR XX 
XX BN BP ## ## ## ## ## ## ## ## ## ## GP GN XX 
XX BB ## BP ## ## ## ## ## ## ## ## ## GP GB XX 
XX BQ ## ## BP ## ## ## ## ## GP ## ## ## GK XX 
XX BK BP ## ## ## ## ## ## ## ## ## ## GP GQ XX 
XX BB BP ## RP ## ## ## ## ## ## ## ## GP GB XX 
XX BN BP ## ## ## ## ## ## ## ## ## ## GP GN XX 
XX BR BP ## ## ## ## ## ## ## ## ## ## GP GR XX 
XX XX XX XX ## ## ## ## ## ## ## ## XX XX XX XX 
XX XX XX XX ## RP RP RP RP RP RP RP XX XX XX XX 
XX XX XX XX RR RN RB RQ RK RB RN RR XX XX XX XX 
XX XX XX XX XX XX XX XX XX XX XX XX XX XX XX XX 
pseudo-legal moves: 21
legal moves: 19
XX XX XX XX XX XX XX XX XX XX XX XX XX XX XX XX 
XX XX XX XX YR YN YB YK YQ YB YN YR XX XX XX XX 
XX XX XX XX ## ## YP YP YP YP YP YP XX XX XX XX 
XX XX XX XX ## YP ## ## ## ## ## ## XX XX XX XX 
XX BR BP ## YP ## ## ## ## ## ## ## ## GP GR XX 
XX BN BP ## ## ## ## ## ## ## ## ## ## GP GN XX 
XX BB ## BP ## ## ## ## ## ## ## ## ## GP GB XX 
XX BQ ## ## BP ## ## ## ## GP ## ## ## ## GK XX 
XX BK BP ## ## ## ## ## ## ## ## ## ## GP GQ XX 
XX BB BP ## RP ## ## ## ## ## ## ## ## GP GB XX 
XX BN BP ## ## ## ## ## ## ## ## ## ## GP GN XX 
XX BR BP ## ## ## ## ## ## ## ## ## ## GP GR XX 
XX XX XX XX ## ## ## ## ## ## ## ## XX XX XX XX 
XX XX XX XX ## RP RP RP RP RP RP RP XX XX XX XX 
XX XX XX XX RR RN RB RQ RK RB RN RR XX XX XX XX 
XX XX XX XX XX XX XX XX XX XX XX XX XX XX XX XX 
pseudo-legal moves: 34
legal moves: 34
XX XX XX XX XX XX XX XX XX XX XX XX XX XX XX XX 
XX XX XX XX YR YN YB YK YQ YB YN YR XX XX XX XX 
XX XX XX XX ## ## YP YP YP YP YP YP XX XX XX XX 
XX XX XX XX ## YP ## ## ## ## ## ## XX XX XX XX 
XX BR BP ## YP ## ## ## ## ## ## ## ## GP GR XX 
XX BN BP ## ## ## ## ## ## ## ## ## ## GP GN XX 
XX BB ## BP ## ## ## ## ## ## ## ## ## GP GB XX 
XX BQ ## ## BP ## ## ## ## GP ## ## ## ## GK XX 
XX BK BP ## RP ## ## ## ## ## ## ## ## GP GQ XX 
XX BB BP ## ## ## ## ## ## ## ## ## ## GP GB XX 
XX BN BP ## ## ## ## ## ## ## ## ## ## GP GN XX 
XX BR BP ## ## ## ## ## ## ## ## ## ## GP GR XX 
XX XX XX XX ## ## ## ## ## ## ## ## XX XX XX XX 
XX XX XX XX ## RP RP RP RP RP RP RP XX XX XX XX 
XX XX XX XX RR RN RB RQ RK RB RN RR XX XX XX XX 
XX XX XX XX XX XX XX XX XX XX XX XX XX XX XX XX 
pseudo-legal moves: 23
legal moves: 23
XX XX XX XX XX XX XX XX XX XX XX XX XX XX XX XX 
XX XX XX XX YR YN YB YK YQ YB YN YR XX XX XX XX 
XX XX XX XX ## ## YP YP YP YP YP YP XX XX XX XX 
XX XX XX XX ## YP ## ## ## ## ## ## XX XX XX XX 
XX BR BP ## YP ## ## ## ## ## ## ## ## GP GR XX 
XX BN BP ## ## ## ## ## ## ## ## ## ## GP GN XX 
XX BB ## ## BP ## ## ## ## ## ## ## ## GP GB XX 
XX BQ ## ## BP ## ## ## ## GP ## ## ## ## GK XX 
XX BK BP ## RP ## ## ## ## ## ## ## ## GP GQ XX 
XX BB BP ## ## ## ## ## ## ## ## ## ## GP GB XX 
XX BN BP ## ## ## ## ## ## ## ## ## ## GP GN XX 
XX BR BP ## ## ## ## ## ## ## ## ## ## GP GR XX 
XX XX XX XX ## ## ## ## ## ## ## ## XX XX XX XX 
XX XX XX XX ## RP RP RP RP RP RP RP XX XX XX XX 
XX XX XX XX RR RN RB RQ RK RB RN RR XX XX XX XX 
XX XX XX XX XX XX XX XX XX XX XX XX XX XX XX XX 
pseudo-legal moves: 29
legal moves: 29
XX XX XX XX XX XX XX XX XX XX XX XX XX XX XX XX 
XX XX XX XX YR YN YB YK YQ YB YN YR XX XX XX XX 
XX XX XX XX ## ## YP YP YP YP YP YP XX XX XX XX 
XX XX XX XX ## ## ## ## ## ## ## ## XX XX XX XX 
XX BR BP ## YP YP ## ## ## ## ## ## ## GP GR XX 
XX BN BP ## ## ## ## ## ## ## ## ## ## GP GN XX 
XX BB ## ## BP ## ## ## ## ## ## ## ## GP GB XX 
XX BQ ## ## BP ## ## ## ## GP ## ## ## ## GK XX 
XX BK BP ## RP ## ## ## ## ## ## ## ## GP GQ XX 
XX BB BP ## ## ## ## ## ## ## ## ## ## GP GB XX 
XX BN BP ## ## ## ## ## ## ## ## ## ## GP GN XX 
XX BR BP ## ## ## ## ## ## ## ## ## ## GP GR XX 
XX XX XX XX ## ## ## ## ## ## ## ## XX XX XX XX 
XX XX XX XX ## RP RP RP RP RP RP RP XX XX XX XX 
XX XX XX XX RR RN RB RQ RK RB RN RR XX XX XX XX 
XX XX XX XX XX XX XX XX XX XX XX XX XX XX XX XX 
pseudo-legal moves: 24
legal moves: 22
XX XX XX XX XX XX XX XX XX XX XX XX XX XX XX XX 
XX XX XX XX YR YN YB YK YQ YB YN YR XX XX XX XX 
XX XX XX XX ## ## YP YP YP YP YP YP XX XX XX XX 
XX XX XX XX ## ## ## ## ## ## ## ## XX XX XX XX 
XX BR BP ## YP YP ## ## ## ## ## ## ## GP GR XX 
XX BN BP ## ## ## ## ## ## ## ## ## ## GP GN XX 
XX BB ## ## BP ## ## ## ## ## ## ## ## GP GB XX 
XX BQ ## ## BP ## ## ## GP ## ## ## ## ## GK XX 
XX BK BP ## RP ## ## ## ## ## ## ## ## GP GQ XX 
XX BB BP ## ## ## ## ## ## ## ## ## ## GP GB XX 
XX BN BP ## ## ## ## ## ## ## ## ## ## GP GN XX 
XX BR BP ## ## ## ## ## ## ## ## ## ## GP GR XX 
XX XX XX XX ## ## ## ## ## ## ## ## XX XX XX XX 
XX XX XX XX ## RP RP RP RP RP RP RP XX XX XX XX 
XX XX XX XX RR RN RB RQ RK RB RN RR XX XX XX XX 
XX XX XX XX XX XX XX XX XX XX XX XX XX XX XX XX 
pseudo-legal moves: 34
legal moves: 34
